# JRE version: Java(TM) SE Runtime Environment (8.0_162-b12) (build 1.8.0_162-b12)
# Java VM: Java HotSpot(TM) 64-Bit Server VM (25.162-b12 mixed mode windows-amd64 compressed oops)
Heap:
 PSYoungGen      total 172032K, used 34205K [0x00000000e0000000, 0x00000000ed800000, 0x0000000100000000)
  eden space 152576K, 22% used [0x00000000e0000000,0x00000000e2167728,0x00000000e9500000)
  from space 19456K, 0% used [0x00000000e9a00000,0x00000000e9a00000,0x00000000ead00000)
  to   space 34304K, 0% used [0x00000000eb680000,0x00000000eb680000,0x00000000ed800000)
 ParOldGen       total 211968K, used 72386K [0x00000000a0000000, 0x00000000acf00000, 0x00000000e0000000)
  object space 211968K, 34% used [0x00000000a0000000,0x00000000a46b0878,0x00000000acf00000)
 Metaspace       used 93535K, capacity 98712K, committed 99456K, reserved 1134592K
  class space    used 12320K, capacity 13362K, committed 13568K, reserved 1048576K
GC Heap History (10 events):
Event: 2862.597 GC heap before
{Heap before GC invocations=21 (full 3):
 PSYoungGen      total 201728K, used 201697K [0x00000000e0000000, 0x00000000ee980000, 0x0000000100000000)
  eden space 173568K, 100% used [0x00000000e0000000,0x00000000ea980000,0x00000000ea980000)
  from space 28160K, 99% used [0x00000000eaf80000,0x00000000ecaf8670,0x00000000ecb00000)
  to   space 31232K, 0% used [0x00000000ecb00000,0x00000000ecb00000,0x00000000ee980000)
 ParOldGen       total 120320K, used 52947K [0x00000000a0000000, 0x00000000a7580000, 0x00000000e0000000)
  object space 120320K, 44% used [0x00000000a0000000,0x00000000a33b4ee8,0x00000000a7580000)
 Metaspace       used 83690K, capacity 88684K, committed 88832K, reserved 1126400K
  class space    used 11155K, capacity 12167K, committed 12288K, reserved 1048576K
Event: 2862.647 GC heap after
Heap after GC invocations=21 (full 3):
 PSYoungGen      total 191488K, used 9828K [0x00000000e0000000, 0x00000000ee200000, 0x0000000100000000)
  eden space 167936K, 0% used [0x00000000e0000000,0x00000000e0000000,0x00000000ea400000)
  from space 23552K, 41% used [0x00000000ecb00000,0x00000000ed4991b0,0x00000000ee200000)
  to   space 31744K, 0% used [0x00000000ea400000,0x00000000ea400000,0x00000000ec300000)
 ParOldGen       total 120320K, used 74217K [0x00000000a0000000, 0x00000000a7580000, 0x00000000e0000000)
  object space 120320K, 61% used [0x00000000a0000000,0x00000000a487a450,0x00000000a7580000)
 Metaspace       used 83690K, capacity 88684K, committed 88832K, reserved 1126400K
  class space    used 11155K, capacity 12167K, committed 12288K, reserved 1048576K
}
Event: 2876.856 GC heap before
{Heap before GC invocations=22 (full 3):
 PSYoungGen      total 191488K, used 177764K [0x00000000e0000000, 0x00000000ee200000, 0x0000000100000000)
  eden space 167936K, 100% used [0x00000000e0000000,0x00000000ea400000,0x00000000ea400000)
  from space 23552K, 41% used [0x00000000ecb00000,0x00000000ed4991b0,0x00000000ee200000)
  to   space 31744K, 0% used [0x00000000ea400000,0x00000000ea400000,0x00000000ec300000)
 ParOldGen       total 120320K, used 74217K [0x00000000a0000000, 0x00000000a7580000, 0x00000000e0000000)
  object space 120320K, 61% used [0x00000000a0000000,0x00000000a487a450,0x00000000a7580000)
 Metaspace       used 85340K, capacity 90816K, committed 91136K, reserved 1128448K
  class space    used 11364K, capacity 12425K, committed 12544K, reserved 1048576K
Event: 2876.887 GC heap after
Heap after GC invocations=22 (full 3):
 PSYoungGen      total 176128K, used 13145K [0x00000000e0000000, 0x00000000ed900000, 0x0000000100000000)
  eden space 162816K, 0% used [0x00000000e0000000,0x00000000e0000000,0x00000000e9f00000)
  from space 13312K, 98% used [0x00000000ea400000,0x00000000eb0d64e8,0x00000000eb100000)
  to   space 29696K, 0% used [0x00000000ebc00000,0x00000000ebc00000,0x00000000ed900000)
 ParOldGen       total 120320K, used 74225K [0x00000000a0000000, 0x00000000a7580000, 0x00000000e0000000)
  object space 120320K, 61% used [0x00000000a0000000,0x00000000a487c450,0x00000000a7580000)
 Metaspace       used 85340K, capacity 90816K, committed 91136K, reserved 1128448K
  class space    used 11364K, capacity 12425K, committed 12544K, reserved 1048576K
}
Event: 2946.800 GC heap before
{Heap before GC invocations=23 (full 3):
 PSYoungGen      total 176128K, used 175961K [0x00000000e0000000, 0x00000000ed900000, 0x0000000100000000)
  eden space 162816K, 100% used [0x00000000e0000000,0x00000000e9f00000,0x00000000e9f00000)
  from space 13312K, 98% used [0x00000000ea400000,0x00000000eb0d64e8,0x00000000eb100000)
  to   space 29696K, 0% used [0x00000000ebc00000,0x00000000ebc00000,0x00000000ed900000)
 ParOldGen       total 120320K, used 74225K [0x00000000a0000000, 0x00000000a7580000, 0x00000000e0000000)
  object space 120320K, 61% used [0x00000000a0000000,0x00000000a487c450,0x00000000a7580000)
 Metaspace       used 87167K, capacity 92802K, committed 92928K, reserved 1130496K
  class space    used 11589K, capacity 12686K, committed 12800K, reserved 1048576K
Event: 2946.876 GC heap after
Heap after GC invocations=23 (full 3):
 PSYoungGen      total 187392K, used 29674K [0x00000000e0000000, 0x00000000ede00000, 0x0000000100000000)
  eden space 157696K, 0% used [0x00000000e0000000,0x00000000e0000000,0x00000000e9a00000)
  from space 29696K, 99% used [0x00000000ebc00000,0x00000000ed8fa8e0,0x00000000ed900000)
  to   space 34816K, 0% used [0x00000000e9a00000,0x00000000e9a00000,0x00000000ebc00000)
 ParOldGen       total 120320K, used 75369K [0x00000000a0000000, 0x00000000a7580000, 0x00000000e0000000)
  object space 120320K, 62% used [0x00000000a0000000,0x00000000a499a688,0x00000000a7580000)
 Metaspace       used 87167K, capacity 92802K, committed 92928K, reserved 1130496K
  class space    used 11589K, capacity 12686K, committed 12800K, reserved 1048576K
}
Event: 2961.419 GC heap before
{Heap before GC invocations=24 (full 3):
 PSYoungGen      total 187392K, used 185119K [0x00000000e0000000, 0x00000000ede00000, 0x0000000100000000)
  eden space 157696K, 98% used [0x00000000e0000000,0x00000000e97cd678,0x00000000e9a00000)
  from space 29696K, 99% used [0x00000000ebc00000,0x00000000ed8fa8e0,0x00000000ed900000)
  to   space 34816K, 0% used [0x00000000e9a00000,0x00000000e9a00000,0x00000000ebc00000)
 ParOldGen       total 120320K, used 75369K [0x00000000a0000000, 0x00000000a7580000, 0x00000000e0000000)
  object space 120320K, 62% used [0x00000000a0000000,0x00000000a499a688,0x00000000a7580000)
 Metaspace       used 92878K, capacity 98524K, committed 98560K, reserved 1134592K
  class space    used 12344K, capacity 13433K, committed 13440K, reserved 1048576K
Event: 2961.513 GC heap after
Heap after GC invocations=24 (full 3):
 PSYoungGen      total 172032K, used 19431K [0x00000000e0000000, 0x00000000ed800000, 0x0000000100000000)
  eden space 152576K, 0% used [0x00000000e0000000,0x00000000e0000000,0x00000000e9500000)
  from space 19456K, 99% used [0x00000000e9a00000,0x00000000eacf9dc0,0x00000000ead00000)
  to   space 34304K, 0% used [0x00000000eb680000,0x00000000eb680000,0x00000000ed800000)
 ParOldGen       total 120320K, used 79673K [0x00000000a0000000, 0x00000000a7580000, 0x00000000e0000000)
  object space 120320K, 66% used [0x00000000a0000000,0x00000000a4dce518,0x00000000a7580000)
 Metaspace       used 92878K, capacity 98524K, committed 98560K, reserved 1134592K
  class space    used 12344K, capacity 13433K, committed 13440K, reserved 1048576K
}
Event: 2961.513 GC heap before
{Heap before GC invocations=25 (full 4):
 PSYoungGen      total 172032K, used 19431K [0x00000000e0000000, 0x00000000ed800000, 0x0000000100000000)
  eden space 152576K, 0% used [0x00000000e0000000,0x00000000e0000000,0x00000000e9500000)
  from space 19456K, 99% used [0x00000000e9a00000,0x00000000eacf9dc0,0x00000000ead00000)
  to   space 34304K, 0% used [0x00000000eb680000,0x00000000eb680000,0x00000000ed800000)
 ParOldGen       total 120320K, used 79673K [0x00000000a0000000, 0x00000000a7580000, 0x00000000e0000000)
  object space 120320K, 66% used [0x00000000a0000000,0x00000000a4dce518,0x00000000a7580000)
 Metaspace       used 92878K, capacity 98524K, committed 98560K, reserved 1134592K
  class space    used 12344K, capacity 13433K, committed 13440K, reserved 1048576K
Event: 2966.514 GC heap after
Heap after GC invocations=25 (full 4):
 PSYoungGen      total 172032K, used 0K [0x00000000e0000000, 0x00000000ed800000, 0x0000000100000000)
  eden space 152576K, 0% used [0x00000000e0000000,0x00000000e0000000,0x00000000e9500000)
  from space 19456K, 0% used [0x00000000e9a00000,0x00000000e9a00000,0x00000000ead00000)
  to   space 34304K, 0% used [0x00000000eb680000,0x00000000eb680000,0x00000000ed800000)
 ParOldGen       total 211968K, used 72386K [0x00000000a0000000, 0x00000000acf00000, 0x00000000e0000000)
  object space 211968K, 34% used [0x00000000a0000000,0x00000000a46b0878,0x00000000acf00000)
 Metaspace       used 92466K, capacity 97592K, committed 98560K, reserved 1134592K
  class space    used 12243K, capacity 13266K, committed 13440K, reserved 1048576K
}

